2025-01-17 20:24:41,956 - Main - INFO - Discovered camera: {'serial': '419122271125', 'name': 'Intel RealSense D405', 'firmware_version': '5.16.0.1', 'usb_port': '3.2'}
2025-01-17 20:24:42,272 - Main - INFO - Started worker threads for camera 419122271125
2025-01-17 20:24:42,277 - Main - INFO - Initialized camera 419122271125
2025-01-17 20:24:42,278 - Main - INFO - Starting capture...
2025-01-17 20:24:42,571 - Main - INFO - Started capture thread for camera 419122271125
2025-01-17 20:24:42,571 - Main - INFO - Started capture for camera 419122271125
2025-01-17 20:24:43,250 - Main - DEBUG - Camera 419122271125: Point cloud calculated for frame 000000
2025-01-17 20:24:43,251 - Main - DEBUG - Camera 419122271125: Vertices array shape: (307200,)
2025-01-17 20:24:43,284 - Main - INFO - Camera 419122271125: Saved color frame 000000
2025-01-17 20:24:43,284 - Main - INFO - Camera 419122271125: Saved depth frame 000000
2025-01-17 20:24:44,001 - Main - DEBUG - Camera 419122271125: Converted vertices shape: (307200, 3)
2025-01-17 20:24:44,001 - Main - INFO - Camera 419122271125: Successfully queued point cloud for frame 000000
2025-01-17 20:24:44,001 - Main - DEBUG - Camera 419122271125: Processing point cloud for frame 000000
2025-01-17 20:24:44,002 - Main - DEBUG - Camera 419122271125: Queued frame 000000 for processing
2025-01-17 20:24:44,014 - Main - DEBUG - Camera 419122271125: Point cloud calculated for frame 000001
2025-01-17 20:24:44,015 - Main - DEBUG - Camera 419122271125: Vertices array shape: (307200,)
2025-01-17 20:24:44,047 - Main - INFO - Camera 419122271125: Saved color frame 000001
2025-01-17 20:24:44,047 - Main - INFO - Camera 419122271125: Saved depth frame 000001
2025-01-17 20:24:44,682 - Main - DEBUG - Camera 419122271125: Converted vertices shape: (307200, 3)
2025-01-17 20:24:44,682 - Main - INFO - Camera 419122271125: Successfully queued point cloud for frame 000001
2025-01-17 20:24:44,682 - Main - DEBUG - Camera 419122271125: Queued frame 000001 for processing
2025-01-17 20:24:44,690 - Main - DEBUG - Camera 419122271125: Point cloud calculated for frame 000002
2025-01-17 20:24:44,690 - Main - DEBUG - Camera 419122271125: Vertices array shape: (307200,)
2025-01-17 20:24:44,717 - Main - INFO - Camera 419122271125: Saved depth frame 000002
2025-01-17 20:24:44,746 - Main - INFO - Camera 419122271125: Saved color frame 000002
2025-01-17 20:24:45,422 - Main - DEBUG - Camera 419122271125: Converted vertices shape: (307200, 3)
2025-01-17 20:24:45,423 - Main - INFO - Camera 419122271125: Successfully queued point cloud for frame 000002
2025-01-17 20:24:45,424 - Main - DEBUG - Camera 419122271125: Queued frame 000002 for processing
2025-01-17 20:24:45,434 - Main - DEBUG - Camera 419122271125: Point cloud calculated for frame 000003
2025-01-17 20:24:45,435 - Main - DEBUG - Camera 419122271125: Vertices array shape: (307200,)
2025-01-17 20:24:45,462 - Main - INFO - Camera 419122271125: Saved depth frame 000003
2025-01-17 20:24:45,462 - Main - INFO - Camera 419122271125: Saved color frame 000003
2025-01-17 20:24:46,200 - Main - DEBUG - Camera 419122271125: Converted vertices shape: (307200, 3)
2025-01-17 20:24:46,200 - Main - INFO - Camera 419122271125: Successfully queued point cloud for frame 000003
2025-01-17 20:24:46,200 - Main - DEBUG - Camera 419122271125: Queued frame 000003 for processing
2025-01-17 20:24:46,208 - Main - DEBUG - Camera 419122271125: Point cloud calculated for frame 000004
2025-01-17 20:24:46,208 - Main - DEBUG - Camera 419122271125: Vertices array shape: (307200,)
2025-01-17 20:24:46,259 - Main - INFO - Camera 419122271125: Saved depth frame 000004
2025-01-17 20:24:46,291 - Main - INFO - Camera 419122271125: Saved color frame 000004
2025-01-17 20:24:46,894 - Main - DEBUG - Camera 419122271125: Converted vertices shape: (307200, 3)
2025-01-17 20:24:46,894 - Main - INFO - Camera 419122271125: Successfully queued point cloud for frame 000004
2025-01-17 20:24:46,894 - Main - DEBUG - Camera 419122271125: Queued frame 000004 for processing
2025-01-17 20:24:46,901 - Main - DEBUG - Camera 419122271125: Point cloud calculated for frame 000005
2025-01-17 20:24:46,902 - Main - DEBUG - Camera 419122271125: Vertices array shape: (307200,)
2025-01-17 20:24:46,928 - Main - INFO - Camera 419122271125: Saved color frame 000005
2025-01-17 20:24:46,928 - Main - INFO - Camera 419122271125: Saved depth frame 000005
2025-01-17 20:24:47,607 - Main - DEBUG - Camera 419122271125: Converted vertices shape: (307200, 3)
2025-01-17 20:24:47,610 - Main - INFO - Camera 419122271125: Successfully queued point cloud for frame 000005
2025-01-17 20:24:47,610 - Main - DEBUG - Camera 419122271125: Queued frame 000005 for processing
2025-01-17 20:24:47,617 - Main - DEBUG - Camera 419122271125: Point cloud calculated for frame 000006
2025-01-17 20:24:47,617 - Main - DEBUG - Camera 419122271125: Vertices array shape: (307200,)
2025-01-17 20:24:47,644 - Main - INFO - Camera 419122271125: Saved depth frame 000006
2025-01-17 20:24:47,660 - Main - INFO - Camera 419122271125: Saved color frame 000006
2025-01-17 20:24:48,309 - Main - DEBUG - Camera 419122271125: Converted vertices shape: (307200, 3)
2025-01-17 20:24:48,310 - Main - INFO - Camera 419122271125: Successfully queued point cloud for frame 000006
2025-01-17 20:24:48,313 - Main - DEBUG - Camera 419122271125: Queued frame 000006 for processing
2025-01-17 20:24:48,320 - Main - DEBUG - Camera 419122271125: Point cloud calculated for frame 000007
2025-01-17 20:24:48,320 - Main - DEBUG - Camera 419122271125: Vertices array shape: (307200,)
2025-01-17 20:24:48,374 - Main - INFO - Camera 419122271125: Saved color frame 000007
2025-01-17 20:24:48,374 - Main - INFO - Camera 419122271125: Saved depth frame 000007
2025-01-17 20:24:48,983 - Main - DEBUG - Camera 419122271125: Converted vertices shape: (307200, 3)
2025-01-17 20:24:48,984 - Main - INFO - Camera 419122271125: Successfully queued point cloud for frame 000007
2025-01-17 20:24:48,985 - Main - DEBUG - Camera 419122271125: Queued frame 000007 for processing
2025-01-17 20:24:48,992 - Main - DEBUG - Camera 419122271125: Point cloud calculated for frame 000008
2025-01-17 20:24:48,993 - Main - DEBUG - Camera 419122271125: Vertices array shape: (307200,)
2025-01-17 20:24:49,024 - Main - INFO - Camera 419122271125: Saved color frame 000008
2025-01-17 20:24:49,072 - Main - INFO - Camera 419122271125: Saved depth frame 000008
2025-01-17 20:24:49,770 - Main - DEBUG - Camera 419122271125: Converted vertices shape: (307200, 3)
2025-01-17 20:24:49,770 - Main - INFO - Camera 419122271125: Successfully queued point cloud for frame 000008
2025-01-17 20:24:49,770 - Main - DEBUG - Camera 419122271125: Queued frame 000008 for processing
2025-01-17 20:24:49,777 - Main - DEBUG - Camera 419122271125: Point cloud calculated for frame 000009
2025-01-17 20:24:49,778 - Main - DEBUG - Camera 419122271125: Vertices array shape: (307200,)
2025-01-17 20:24:49,820 - Main - INFO - Camera 419122271125: Saved color frame 000009
2025-01-17 20:24:49,884 - Main - INFO - Camera 419122271125: Saved depth frame 000009
2025-01-17 20:24:50,470 - Main - DEBUG - Camera 419122271125: Converted vertices shape: (307200, 3)
2025-01-17 20:24:50,470 - Main - INFO - Camera 419122271125: Successfully queued point cloud for frame 000009
2025-01-17 20:24:50,470 - Main - DEBUG - Camera 419122271125: Queued frame 000009 for processing
2025-01-17 20:24:50,478 - Main - DEBUG - Camera 419122271125: Point cloud calculated for frame 000010
2025-01-17 20:24:50,478 - Main - DEBUG - Camera 419122271125: Vertices array shape: (307200,)
2025-01-17 20:24:50,522 - Main - INFO - Camera 419122271125: Saved color frame 000010
2025-01-17 20:24:50,537 - Main - INFO - Camera 419122271125: Saved depth frame 000010
2025-01-17 20:24:51,165 - Main - DEBUG - Camera 419122271125: Converted vertices shape: (307200, 3)
2025-01-17 20:24:51,165 - Main - INFO - Camera 419122271125: Successfully queued point cloud for frame 000010
2025-01-17 20:24:51,166 - Main - DEBUG - Camera 419122271125: Queued frame 000010 for processing
2025-01-17 20:24:51,181 - Main - DEBUG - Camera 419122271125: Point cloud calculated for frame 000011
2025-01-17 20:24:51,181 - Main - DEBUG - Camera 419122271125: Vertices array shape: (307200,)
2025-01-17 20:24:51,205 - Main - INFO - Camera 419122271125: Saved depth frame 000011
2025-01-17 20:24:51,235 - Main - INFO - Camera 419122271125: Saved color frame 000011
2025-01-17 20:24:51,887 - Main - DEBUG - Camera 419122271125: Converted vertices shape: (307200, 3)
2025-01-17 20:24:51,887 - Main - INFO - Camera 419122271125: Successfully queued point cloud for frame 000011
2025-01-17 20:24:51,887 - Main - DEBUG - Camera 419122271125: Queued frame 000011 for processing
2025-01-17 20:24:51,895 - Main - DEBUG - Camera 419122271125: Point cloud calculated for frame 000012
2025-01-17 20:24:51,895 - Main - DEBUG - Camera 419122271125: Vertices array shape: (307200,)
2025-01-17 20:24:51,954 - Main - INFO - Camera 419122271125: Saved depth frame 000012
2025-01-17 20:24:51,986 - Main - INFO - Camera 419122271125: Saved color frame 000012
2025-01-17 20:24:52,642 - Main - DEBUG - Camera 419122271125: Converted vertices shape: (307200, 3)
2025-01-17 20:24:52,642 - Main - INFO - Camera 419122271125: Successfully queued point cloud for frame 000012
2025-01-17 20:24:52,643 - Main - DEBUG - Camera 419122271125: Queued frame 000012 for processing
2025-01-17 20:24:52,650 - Main - DEBUG - Camera 419122271125: Point cloud calculated for frame 000013
2025-01-17 20:24:52,650 - Main - DEBUG - Camera 419122271125: Vertices array shape: (307200,)
2025-01-17 20:24:52,688 - Main - INFO - Camera 419122271125: Saved depth frame 000013
2025-01-17 20:24:52,783 - Main - INFO - Camera 419122271125: Saved color frame 000013
2025-01-17 20:24:53,345 - Main - DEBUG - Camera 419122271125: Converted vertices shape: (307200, 3)
2025-01-17 20:24:53,346 - Main - INFO - Camera 419122271125: Successfully queued point cloud for frame 000013
2025-01-17 20:24:53,346 - Main - DEBUG - Camera 419122271125: Queued frame 000013 for processing
2025-01-17 20:24:53,353 - Main - DEBUG - Camera 419122271125: Point cloud calculated for frame 000014
2025-01-17 20:24:53,353 - Main - DEBUG - Camera 419122271125: Vertices array shape: (307200,)
