2025-01-17 19:57:52,299 - Main - INFO - Discovered camera: {'serial': '419122271125', 'name': 'Intel RealSense D405', 'firmware_version': '5.16.0.1', 'usb_port': '3.2'}
2025-01-17 19:57:52,683 - Main - INFO - Initialized camera 419122271125
2025-01-17 19:57:52,684 - Main - INFO - Starting capture...
2025-01-17 19:57:53,008 - Main - INFO - Started capture thread for camera 419122271125
2025-01-17 19:57:53,008 - Main - INFO - Started capture for camera 419122271125
2025-01-17 19:57:53,692 - Main - INFO - Camera 419122271125 - Frame 000000: Saved color image
2025-01-17 19:57:53,710 - Main - INFO - Camera 419122271125 - Frame 000000: Saved depth image
2025-01-17 19:57:54,833 - Main - INFO - Camera 419122271125 - Frame 000000: Saved PLY point cloud
2025-01-17 19:57:54,851 - Main - INFO - Camera 419122271125 - Frame 000000: Saved PCD point cloud
2025-01-17 19:57:54,867 - Main - INFO - Camera 419122271125 - Frame 000001: Saved color image
2025-01-17 19:57:54,875 - Main - INFO - Camera 419122271125 - Frame 000001: Saved depth image
2025-01-17 19:57:55,887 - Main - INFO - Camera 419122271125 - Frame 000001: Saved PLY point cloud
2025-01-17 19:57:55,904 - Main - INFO - Camera 419122271125 - Frame 000001: Saved PCD point cloud
2025-01-17 19:57:55,920 - Main - INFO - Camera 419122271125 - Frame 000002: Saved color image
2025-01-17 19:57:55,927 - Main - INFO - Camera 419122271125 - Frame 000002: Saved depth image
2025-01-17 19:57:57,005 - Main - INFO - Camera 419122271125 - Frame 000002: Saved PLY point cloud
2025-01-17 19:57:57,038 - Main - INFO - Camera 419122271125 - Frame 000002: Saved PCD point cloud
2025-01-17 19:57:57,061 - Main - INFO - Camera 419122271125 - Frame 000003: Saved color image
2025-01-17 19:57:57,071 - Main - INFO - Camera 419122271125 - Frame 000003: Saved depth image
2025-01-17 19:57:58,093 - Main - INFO - Camera 419122271125 - Frame 000003: Saved PLY point cloud
2025-01-17 19:57:58,111 - Main - INFO - Camera 419122271125 - Frame 000003: Saved PCD point cloud
2025-01-17 19:57:58,126 - Main - INFO - Camera 419122271125 - Frame 000004: Saved color image
2025-01-17 19:57:58,134 - Main - INFO - Camera 419122271125 - Frame 000004: Saved depth image
2025-01-17 19:57:59,216 - Main - INFO - Camera 419122271125 - Frame 000004: Saved PLY point cloud
2025-01-17 19:57:59,236 - Main - INFO - Camera 419122271125 - Frame 000004: Saved PCD point cloud
2025-01-17 19:57:59,253 - Main - INFO - Camera 419122271125 - Frame 000005: Saved color image
2025-01-17 19:57:59,261 - Main - INFO - Camera 419122271125 - Frame 000005: Saved depth image
2025-01-17 19:58:00,301 - Main - INFO - Camera 419122271125 - Frame 000005: Saved PLY point cloud
2025-01-17 19:58:00,318 - Main - INFO - Camera 419122271125 - Frame 000005: Saved PCD point cloud
2025-01-17 19:58:00,340 - Main - INFO - Camera 419122271125 - Frame 000006: Saved color image
2025-01-17 19:58:00,348 - Main - INFO - Camera 419122271125 - Frame 000006: Saved depth image
2025-01-17 19:58:01,396 - Main - INFO - Camera 419122271125 - Frame 000006: Saved PLY point cloud
2025-01-17 19:58:01,414 - Main - INFO - Camera 419122271125 - Frame 000006: Saved PCD point cloud
2025-01-17 19:58:01,431 - Main - INFO - Camera 419122271125 - Frame 000007: Saved color image
2025-01-17 19:58:01,439 - Main - INFO - Camera 419122271125 - Frame 000007: Saved depth image
2025-01-17 19:58:02,476 - Main - INFO - Camera 419122271125 - Frame 000007: Saved PLY point cloud
2025-01-17 19:58:02,494 - Main - INFO - Camera 419122271125 - Frame 000007: Saved PCD point cloud
2025-01-17 19:58:02,510 - Main - INFO - Camera 419122271125 - Frame 000008: Saved color image
2025-01-17 19:58:02,518 - Main - INFO - Camera 419122271125 - Frame 000008: Saved depth image
2025-01-17 19:58:03,560 - Main - INFO - Camera 419122271125 - Frame 000008: Saved PLY point cloud
2025-01-17 19:58:03,578 - Main - INFO - Camera 419122271125 - Frame 000008: Saved PCD point cloud
2025-01-17 19:58:03,595 - Main - INFO - Camera 419122271125 - Frame 000009: Saved color image
2025-01-17 19:58:03,603 - Main - INFO - Camera 419122271125 - Frame 000009: Saved depth image
2025-01-17 19:58:04,751 - Main - INFO - Camera 419122271125 - Frame 000009: Saved PLY point cloud
2025-01-17 19:58:04,770 - Main - INFO - Camera 419122271125 - Frame 000009: Saved PCD point cloud
2025-01-17 19:58:04,788 - Main - INFO - Camera 419122271125 - Frame 000010: Saved color image
2025-01-17 19:58:04,809 - Main - INFO - Camera 419122271125 - Frame 000010: Saved depth image
2025-01-17 19:58:05,897 - Main - INFO - Camera 419122271125 - Frame 000010: Saved PLY point cloud
2025-01-17 19:58:05,916 - Main - INFO - Camera 419122271125 - Frame 000010: Saved PCD point cloud
2025-01-17 19:58:05,933 - Main - INFO - Camera 419122271125 - Frame 000011: Saved color image
2025-01-17 19:58:05,941 - Main - INFO - Camera 419122271125 - Frame 000011: Saved depth image
2025-01-17 19:58:06,963 - Main - INFO - Camera 419122271125 - Frame 000011: Saved PLY point cloud
2025-01-17 19:58:06,981 - Main - INFO - Camera 419122271125 - Frame 000011: Saved PCD point cloud
2025-01-17 19:58:07,006 - Main - INFO - Camera 419122271125 - Frame 000012: Saved color image
2025-01-17 19:58:07,014 - Main - INFO - Camera 419122271125 - Frame 000012: Saved depth image
2025-01-17 19:58:08,094 - Main - INFO - Camera 419122271125 - Frame 000012: Saved PLY point cloud
2025-01-17 19:58:08,113 - Main - INFO - Camera 419122271125 - Frame 000012: Saved PCD point cloud
2025-01-17 19:58:08,129 - Main - INFO - Camera 419122271125 - Frame 000013: Saved color image
2025-01-17 19:58:08,137 - Main - INFO - Camera 419122271125 - Frame 000013: Saved depth image
2025-01-17 19:58:09,252 - Main - INFO - Camera 419122271125 - Frame 000013: Saved PLY point cloud
2025-01-17 19:58:09,269 - Main - INFO - Camera 419122271125 - Frame 000013: Saved PCD point cloud
2025-01-17 19:58:09,285 - Main - INFO - Camera 419122271125 - Frame 000014: Saved color image
2025-01-17 19:58:09,293 - Main - INFO - Camera 419122271125 - Frame 000014: Saved depth image
