2025-01-17 19:43:09,598 - Main - INFO - Discovered camera: {'serial': '419122271125', 'name': 'Intel RealSense D405', 'firmware_version': '5.16.0.1', 'usb_port': '3.2'}
2025-01-17 19:43:09,892 - Main - INFO - Initialized camera 419122271125
2025-01-17 19:43:09,892 - Main - INFO - Starting capture...
2025-01-17 19:43:10,194 - Main - INFO - Started capture thread for camera 419122271125
2025-01-17 19:43:10,194 - Main - INFO - Started capture for camera 419122271125
2025-01-17 19:43:11,974 - Main - DEBUG - Saved frame 000000
2025-01-17 19:43:13,118 - Main - DEBUG - Saved frame 000001
2025-01-17 19:43:14,266 - Main - DEBUG - Saved frame 000002
2025-01-17 19:43:15,416 - Main - DEBUG - Saved frame 000003
2025-01-17 19:43:16,555 - Main - DEBUG - Saved frame 000004
2025-01-17 19:43:17,620 - Main - DEBUG - Saved frame 000005
2025-01-17 19:43:18,678 - Main - DEBUG - Saved frame 000006
2025-01-17 19:43:19,743 - Main - DEBUG - Saved frame 000007
2025-01-17 19:43:20,823 - Main - DEBUG - Saved frame 000008
2025-01-17 19:43:21,901 - Main - DEBUG - Saved frame 000009
2025-01-17 19:43:23,067 - Main - DEBUG - Saved frame 000010
2025-01-17 19:43:24,191 - Main - DEBUG - Saved frame 000011
2025-01-17 19:43:25,393 - Main - DEBUG - Saved frame 000012
2025-01-17 19:43:26,511 - Main - DEBUG - Saved frame 000013
2025-01-17 19:43:27,778 - Main - DEBUG - Saved frame 000014
2025-01-17 19:43:28,874 - Main - DEBUG - Saved frame 000015
2025-01-17 19:43:30,035 - Main - DEBUG - Saved frame 000016
2025-01-17 19:43:31,272 - Main - DEBUG - Saved frame 000017
2025-01-17 19:43:32,606 - Main - DEBUG - Saved frame 000018
2025-01-17 19:43:33,860 - Main - DEBUG - Saved frame 000019
2025-01-17 19:43:35,064 - Main - DEBUG - Saved frame 000020
2025-01-17 19:43:36,124 - Main - DEBUG - Saved frame 000021
2025-01-17 19:43:37,317 - Main - DEBUG - Saved frame 000022
2025-01-17 19:43:38,487 - Main - DEBUG - Saved frame 000023
2025-01-17 19:43:39,672 - Main - DEBUG - Saved frame 000024
2025-01-17 19:43:40,771 - Main - DEBUG - Saved frame 000025
2025-01-17 19:43:41,948 - Main - DEBUG - Saved frame 000026
