2025-01-17 20:27:48,423 - Main - INFO - Discovered camera: {'serial': '419122271125', 'name': 'Intel RealSense D405', 'firmware_version': '5.16.0.1', 'usb_port': '3.2'}
2025-01-17 20:27:48,771 - Main - INFO - Initialized camera 419122271125
2025-01-17 20:27:48,772 - Main - INFO - Starting capture...
2025-01-17 20:27:49,134 - Main - INFO - Started capture thread for camera 419122271125
2025-01-17 20:27:49,135 - Main - INFO - Started capture for camera 419122271125
2025-01-17 20:27:49,828 - Main - INFO - Camera 419122271125 - Frame 000000: Saved color image
2025-01-17 20:27:49,836 - Main - INFO - Camera 419122271125 - Frame 000000: Saved depth image
2025-01-17 20:27:50,937 - Main - INFO - Camera 419122271125 - Frame 000000: Saved PLY point cloud
2025-01-17 20:27:50,956 - Main - INFO - Camera 419122271125 - Frame 000000: Saved PCD point cloud
2025-01-17 20:27:50,972 - Main - INFO - Camera 419122271125 - Frame 000001: Saved color image
2025-01-17 20:27:50,978 - Main - INFO - Camera 419122271125 - Frame 000001: Saved depth image
2025-01-17 20:27:52,010 - Main - INFO - Camera 419122271125 - Frame 000001: Saved PLY point cloud
2025-01-17 20:27:52,028 - Main - INFO - Camera 419122271125 - Frame 000001: Saved PCD point cloud
2025-01-17 20:27:52,043 - Main - INFO - Camera 419122271125 - Frame 000002: Saved color image
2025-01-17 20:27:52,049 - Main - INFO - Camera 419122271125 - Frame 000002: Saved depth image
2025-01-17 20:27:53,118 - Main - INFO - Camera 419122271125 - Frame 000002: Saved PLY point cloud
2025-01-17 20:27:53,138 - Main - INFO - Camera 419122271125 - Frame 000002: Saved PCD point cloud
2025-01-17 20:27:53,162 - Main - INFO - Camera 419122271125 - Frame 000003: Saved color image
2025-01-17 20:27:53,170 - Main - INFO - Camera 419122271125 - Frame 000003: Saved depth image
2025-01-17 20:27:54,267 - Main - INFO - Camera 419122271125 - Frame 000003: Saved PLY point cloud
2025-01-17 20:27:54,287 - Main - INFO - Camera 419122271125 - Frame 000003: Saved PCD point cloud
2025-01-17 20:27:54,304 - Main - INFO - Camera 419122271125 - Frame 000004: Saved color image
2025-01-17 20:27:54,310 - Main - INFO - Camera 419122271125 - Frame 000004: Saved depth image
2025-01-17 20:27:55,348 - Main - INFO - Camera 419122271125 - Frame 000004: Saved PLY point cloud
2025-01-17 20:27:55,368 - Main - INFO - Camera 419122271125 - Frame 000004: Saved PCD point cloud
2025-01-17 20:27:55,383 - Main - INFO - Camera 419122271125 - Frame 000005: Saved color image
2025-01-17 20:27:55,390 - Main - INFO - Camera 419122271125 - Frame 000005: Saved depth image
2025-01-17 20:27:56,448 - Main - INFO - Camera 419122271125 - Frame 000005: Saved PLY point cloud
2025-01-17 20:27:56,467 - Main - INFO - Camera 419122271125 - Frame 000005: Saved PCD point cloud
2025-01-17 20:27:56,487 - Main - INFO - Camera 419122271125 - Frame 000006: Saved color image
2025-01-17 20:27:56,494 - Main - INFO - Camera 419122271125 - Frame 000006: Saved depth image
2025-01-17 20:27:57,544 - Main - INFO - Camera 419122271125 - Frame 000006: Saved PLY point cloud
2025-01-17 20:27:57,563 - Main - INFO - Camera 419122271125 - Frame 000006: Saved PCD point cloud
2025-01-17 20:27:57,579 - Main - INFO - Camera 419122271125 - Frame 000007: Saved color image
2025-01-17 20:27:57,586 - Main - INFO - Camera 419122271125 - Frame 000007: Saved depth image
2025-01-17 20:27:58,649 - Main - INFO - Camera 419122271125 - Frame 000007: Saved PLY point cloud
2025-01-17 20:27:58,668 - Main - INFO - Camera 419122271125 - Frame 000007: Saved PCD point cloud
2025-01-17 20:27:58,683 - Main - INFO - Camera 419122271125 - Frame 000008: Saved color image
2025-01-17 20:27:58,690 - Main - INFO - Camera 419122271125 - Frame 000008: Saved depth image
2025-01-17 20:27:59,732 - Main - INFO - Camera 419122271125 - Frame 000008: Saved PLY point cloud
2025-01-17 20:27:59,753 - Main - INFO - Camera 419122271125 - Frame 000008: Saved PCD point cloud
2025-01-17 20:27:59,785 - Main - INFO - Camera 419122271125 - Frame 000009: Saved color image
2025-01-17 20:27:59,793 - Main - INFO - Camera 419122271125 - Frame 000009: Saved depth image
2025-01-17 20:28:00,887 - Main - INFO - Camera 419122271125 - Frame 000009: Saved PLY point cloud
2025-01-17 20:28:00,906 - Main - INFO - Camera 419122271125 - Frame 000009: Saved PCD point cloud
2025-01-17 20:28:00,922 - Main - INFO - Camera 419122271125 - Frame 000010: Saved color image
2025-01-17 20:28:00,929 - Main - INFO - Camera 419122271125 - Frame 000010: Saved depth image
2025-01-17 20:28:02,071 - Main - INFO - Camera 419122271125 - Frame 000010: Saved PLY point cloud
2025-01-17 20:28:02,092 - Main - INFO - Camera 419122271125 - Frame 000010: Saved PCD point cloud
2025-01-17 20:28:02,109 - Main - INFO - Camera 419122271125 - Frame 000011: Saved color image
2025-01-17 20:28:02,117 - Main - INFO - Camera 419122271125 - Frame 000011: Saved depth image
2025-01-17 20:28:03,308 - Main - INFO - Camera 419122271125 - Frame 000011: Saved PLY point cloud
2025-01-17 20:28:03,328 - Main - INFO - Camera 419122271125 - Frame 000011: Saved PCD point cloud
2025-01-17 20:28:03,344 - Main - INFO - Camera 419122271125 - Frame 000012: Saved color image
2025-01-17 20:28:03,351 - Main - INFO - Camera 419122271125 - Frame 000012: Saved depth image
2025-01-17 20:28:04,379 - Main - INFO - Camera 419122271125 - Frame 000012: Saved PLY point cloud
2025-01-17 20:28:04,398 - Main - INFO - Camera 419122271125 - Frame 000012: Saved PCD point cloud
2025-01-17 20:28:04,413 - Main - INFO - Camera 419122271125 - Frame 000013: Saved color image
2025-01-17 20:28:04,420 - Main - INFO - Camera 419122271125 - Frame 000013: Saved depth image
2025-01-17 20:28:05,493 - Main - INFO - Camera 419122271125 - Frame 000013: Saved PLY point cloud
2025-01-17 20:28:05,512 - Main - INFO - Camera 419122271125 - Frame 000013: Saved PCD point cloud
2025-01-17 20:28:05,527 - Main - INFO - Camera 419122271125 - Frame 000014: Saved color image
2025-01-17 20:28:05,534 - Main - INFO - Camera 419122271125 - Frame 000014: Saved depth image
2025-01-17 20:28:06,530 - Main - INFO - Camera 419122271125 - Frame 000014: Saved PLY point cloud
2025-01-17 20:28:06,549 - Main - INFO - Camera 419122271125 - Frame 000014: Saved PCD point cloud
2025-01-17 20:28:06,565 - Main - INFO - Camera 419122271125 - Frame 000015: Saved color image
2025-01-17 20:28:06,572 - Main - INFO - Camera 419122271125 - Frame 000015: Saved depth image
2025-01-17 20:28:07,673 - Main - INFO - Camera 419122271125 - Frame 000015: Saved PLY point cloud
2025-01-17 20:28:07,695 - Main - INFO - Camera 419122271125 - Frame 000015: Saved PCD point cloud
2025-01-17 20:28:07,731 - Main - INFO - Camera 419122271125 - Frame 000016: Saved color image
2025-01-17 20:28:07,741 - Main - INFO - Camera 419122271125 - Frame 000016: Saved depth image
2025-01-17 20:28:08,843 - Main - INFO - Camera 419122271125 - Frame 000016: Saved PLY point cloud
2025-01-17 20:28:08,864 - Main - INFO - Camera 419122271125 - Frame 000016: Saved PCD point cloud
2025-01-17 20:28:08,880 - Main - INFO - Camera 419122271125 - Frame 000017: Saved color image
2025-01-17 20:28:08,887 - Main - INFO - Camera 419122271125 - Frame 000017: Saved depth image
2025-01-17 20:28:09,934 - Main - INFO - Camera 419122271125 - Frame 000017: Saved PLY point cloud
2025-01-17 20:28:09,954 - Main - INFO - Camera 419122271125 - Frame 000017: Saved PCD point cloud
2025-01-17 20:28:09,971 - Main - INFO - Camera 419122271125 - Frame 000018: Saved color image
2025-01-17 20:28:09,978 - Main - INFO - Camera 419122271125 - Frame 000018: Saved depth image
2025-01-17 20:28:11,071 - Main - INFO - Camera 419122271125 - Frame 000018: Saved PLY point cloud
2025-01-17 20:28:11,089 - Main - INFO - Camera 419122271125 - Frame 000018: Saved PCD point cloud
2025-01-17 20:28:11,110 - Main - INFO - Camera 419122271125 - Frame 000019: Saved color image
2025-01-17 20:28:11,117 - Main - INFO - Camera 419122271125 - Frame 000019: Saved depth image
2025-01-17 20:28:12,134 - Main - INFO - Camera 419122271125 - Frame 000019: Saved PLY point cloud
2025-01-17 20:28:12,153 - Main - INFO - Camera 419122271125 - Frame 000019: Saved PCD point cloud
2025-01-17 20:28:12,168 - Main - INFO - Camera 419122271125 - Frame 000020: Saved color image
2025-01-17 20:28:12,175 - Main - INFO - Camera 419122271125 - Frame 000020: Saved depth image
2025-01-17 20:28:13,221 - Main - INFO - Camera 419122271125 - Frame 000020: Saved PLY point cloud
2025-01-17 20:28:13,240 - Main - INFO - Camera 419122271125 - Frame 000020: Saved PCD point cloud
2025-01-17 20:28:13,255 - Main - INFO - Camera 419122271125 - Frame 000021: Saved color image
2025-01-17 20:28:13,262 - Main - INFO - Camera 419122271125 - Frame 000021: Saved depth image
2025-01-17 20:28:14,353 - Main - INFO - Camera 419122271125 - Frame 000021: Saved PLY point cloud
2025-01-17 20:28:14,373 - Main - INFO - Camera 419122271125 - Frame 000021: Saved PCD point cloud
2025-01-17 20:28:14,390 - Main - INFO - Camera 419122271125 - Frame 000022: Saved color image
2025-01-17 20:28:14,398 - Main - INFO - Camera 419122271125 - Frame 000022: Saved depth image
2025-01-17 20:28:15,505 - Main - INFO - Camera 419122271125 - Frame 000022: Saved PLY point cloud
2025-01-17 20:28:15,525 - Main - INFO - Camera 419122271125 - Frame 000022: Saved PCD point cloud
2025-01-17 20:28:15,541 - Main - INFO - Camera 419122271125 - Frame 000023: Saved color image
2025-01-17 20:28:15,549 - Main - INFO - Camera 419122271125 - Frame 000023: Saved depth image
2025-01-17 20:28:16,613 - Main - INFO - Camera 419122271125 - Frame 000023: Saved PLY point cloud
2025-01-17 20:28:16,633 - Main - INFO - Camera 419122271125 - Frame 000023: Saved PCD point cloud
2025-01-17 20:28:16,648 - Main - INFO - Camera 419122271125 - Frame 000024: Saved color image
2025-01-17 20:28:16,655 - Main - INFO - Camera 419122271125 - Frame 000024: Saved depth image
