2025-01-17 20:26:43,456 - Main - INFO - Discovered camera: {'serial': '419122271125', 'name': 'Intel RealSense D405', 'firmware_version': '5.16.0.1', 'usb_port': '3.2'}
2025-01-17 20:26:43,786 - Main - INFO - Camera 419122271125: Point cloud worker thread started
2025-01-17 20:26:43,786 - Main - INFO - Started worker threads for camera 419122271125
2025-01-17 20:26:43,786 - Main - DEBUG - Camera 419122271125: Point cloud worker waiting for data...
2025-01-17 20:26:43,792 - Main - INFO - Initialized camera 419122271125
2025-01-17 20:26:43,792 - Main - INFO - Starting capture...
2025-01-17 20:26:44,112 - Main - INFO - Started capture thread for camera 419122271125
2025-01-17 20:26:44,113 - Main - INFO - Started capture for camera 419122271125
2025-01-17 20:26:44,727 - Main - DEBUG - Camera 419122271125: Point cloud calculated for frame 000000
2025-01-17 20:26:44,728 - Main - DEBUG - Camera 419122271125: Vertices array shape: (307200,)
2025-01-17 20:26:44,764 - Main - INFO - Camera 419122271125: Saved color frame 000000
2025-01-17 20:26:44,764 - Main - INFO - Camera 419122271125: Saved depth frame 000000
2025-01-17 20:26:45,438 - Main - DEBUG - Camera 419122271125: Converted vertices shape: (307200, 3)
2025-01-17 20:26:45,438 - Main - INFO - Camera 419122271125: Successfully queued point cloud for frame 000000
2025-01-17 20:26:45,438 - Main - DEBUG - Camera 419122271125: Processing point cloud for frame 000000, vertices shape: (307200, 3)
2025-01-17 20:26:45,438 - Main - DEBUG - Camera 419122271125: Queued frame 000000 for processing
2025-01-17 20:26:45,446 - Main - DEBUG - Camera 419122271125: Point cloud calculated for frame 000001
2025-01-17 20:26:45,446 - Main - DEBUG - Camera 419122271125: Vertices array shape: (307200,)
2025-01-17 20:26:45,499 - Main - INFO - Camera 419122271125: Saved depth frame 000001
2025-01-17 20:26:45,499 - Main - INFO - Camera 419122271125: Saved color frame 000001
2025-01-17 20:26:46,149 - Main - DEBUG - Camera 419122271125: Converted vertices shape: (307200, 3)
2025-01-17 20:26:46,149 - Main - INFO - Camera 419122271125: Successfully queued point cloud for frame 000001
2025-01-17 20:26:46,150 - Main - DEBUG - Camera 419122271125: Queued frame 000001 for processing
2025-01-17 20:26:46,158 - Main - DEBUG - Camera 419122271125: Point cloud calculated for frame 000002
2025-01-17 20:26:46,158 - Main - DEBUG - Camera 419122271125: Vertices array shape: (307200,)
2025-01-17 20:26:46,182 - Main - INFO - Camera 419122271125: Saved color frame 000002
2025-01-17 20:26:46,198 - Main - INFO - Camera 419122271125: Saved depth frame 000002
2025-01-17 20:26:46,830 - Main - DEBUG - Camera 419122271125: Converted vertices shape: (307200, 3)
2025-01-17 20:26:46,831 - Main - INFO - Camera 419122271125: Successfully queued point cloud for frame 000002
2025-01-17 20:26:46,831 - Main - DEBUG - Camera 419122271125: Queued frame 000002 for processing
2025-01-17 20:26:46,839 - Main - DEBUG - Camera 419122271125: Point cloud calculated for frame 000003
2025-01-17 20:26:46,839 - Main - DEBUG - Camera 419122271125: Vertices array shape: (307200,)
2025-01-17 20:26:46,869 - Main - INFO - Camera 419122271125: Saved color frame 000003
2025-01-17 20:26:46,885 - Main - INFO - Camera 419122271125: Saved depth frame 000003
2025-01-17 20:26:47,527 - Main - DEBUG - Camera 419122271125: Converted vertices shape: (307200, 3)
2025-01-17 20:26:47,527 - Main - INFO - Camera 419122271125: Successfully queued point cloud for frame 000003
2025-01-17 20:26:47,527 - Main - DEBUG - Camera 419122271125: Queued frame 000003 for processing
2025-01-17 20:26:47,535 - Main - DEBUG - Camera 419122271125: Point cloud calculated for frame 000004
2025-01-17 20:26:47,535 - Main - DEBUG - Camera 419122271125: Vertices array shape: (307200,)
2025-01-17 20:26:47,571 - Main - INFO - Camera 419122271125: Saved depth frame 000004
2025-01-17 20:26:47,602 - Main - INFO - Camera 419122271125: Saved color frame 000004
2025-01-17 20:26:48,198 - Main - DEBUG - Camera 419122271125: Converted vertices shape: (307200, 3)
2025-01-17 20:26:48,198 - Main - INFO - Camera 419122271125: Successfully queued point cloud for frame 000004
2025-01-17 20:26:48,198 - Main - DEBUG - Camera 419122271125: Queued frame 000004 for processing
2025-01-17 20:26:48,212 - Main - DEBUG - Camera 419122271125: Point cloud calculated for frame 000005
2025-01-17 20:26:48,213 - Main - DEBUG - Camera 419122271125: Vertices array shape: (307200,)
2025-01-17 20:26:48,241 - Main - INFO - Camera 419122271125: Saved color frame 000005
2025-01-17 20:26:48,256 - Main - INFO - Camera 419122271125: Saved depth frame 000005
2025-01-17 20:26:48,942 - Main - DEBUG - Camera 419122271125: Converted vertices shape: (307200, 3)
2025-01-17 20:26:48,943 - Main - INFO - Camera 419122271125: Successfully queued point cloud for frame 000005
2025-01-17 20:26:48,943 - Main - DEBUG - Camera 419122271125: Queued frame 000005 for processing
2025-01-17 20:26:48,951 - Main - DEBUG - Camera 419122271125: Point cloud calculated for frame 000006
2025-01-17 20:26:48,951 - Main - DEBUG - Camera 419122271125: Vertices array shape: (307200,)
2025-01-17 20:26:48,990 - Main - INFO - Camera 419122271125: Saved depth frame 000006
2025-01-17 20:26:49,006 - Main - INFO - Camera 419122271125: Saved color frame 000006
2025-01-17 20:26:49,648 - Main - DEBUG - Camera 419122271125: Converted vertices shape: (307200, 3)
2025-01-17 20:26:49,649 - Main - INFO - Camera 419122271125: Successfully queued point cloud for frame 000006
2025-01-17 20:26:49,649 - Main - DEBUG - Camera 419122271125: Queued frame 000006 for processing
2025-01-17 20:26:49,669 - Main - DEBUG - Camera 419122271125: Point cloud calculated for frame 000007
2025-01-17 20:26:49,669 - Main - DEBUG - Camera 419122271125: Vertices array shape: (307200,)
2025-01-17 20:26:49,684 - Main - INFO - Camera 419122271125: Saved depth frame 000007
2025-01-17 20:26:49,700 - Main - INFO - Camera 419122271125: Saved color frame 000007
2025-01-17 20:26:50,424 - Main - DEBUG - Camera 419122271125: Converted vertices shape: (307200, 3)
2025-01-17 20:26:50,424 - Main - INFO - Camera 419122271125: Successfully queued point cloud for frame 000007
2025-01-17 20:26:50,424 - Main - DEBUG - Camera 419122271125: Queued frame 000007 for processing
2025-01-17 20:26:50,431 - Main - DEBUG - Camera 419122271125: Point cloud calculated for frame 000008
2025-01-17 20:26:50,431 - Main - DEBUG - Camera 419122271125: Vertices array shape: (307200,)
2025-01-17 20:26:50,448 - Main - INFO - Camera 419122271125: Saved color frame 000008
2025-01-17 20:26:50,464 - Main - INFO - Camera 419122271125: Saved depth frame 000008
2025-01-17 20:26:51,109 - Main - DEBUG - Camera 419122271125: Converted vertices shape: (307200, 3)
2025-01-17 20:26:51,110 - Main - INFO - Camera 419122271125: Successfully queued point cloud for frame 000008
2025-01-17 20:26:51,110 - Main - DEBUG - Camera 419122271125: Queued frame 000008 for processing
2025-01-17 20:26:51,122 - Main - DEBUG - Camera 419122271125: Point cloud calculated for frame 000009
2025-01-17 20:26:51,122 - Main - DEBUG - Camera 419122271125: Vertices array shape: (307200,)
2025-01-17 20:26:51,164 - Main - INFO - Camera 419122271125: Saved depth frame 000009
2025-01-17 20:26:51,196 - Main - INFO - Camera 419122271125: Saved color frame 000009
2025-01-17 20:26:51,811 - Main - DEBUG - Camera 419122271125: Converted vertices shape: (307200, 3)
2025-01-17 20:26:51,811 - Main - INFO - Camera 419122271125: Successfully queued point cloud for frame 000009
2025-01-17 20:26:51,811 - Main - DEBUG - Camera 419122271125: Queued frame 000009 for processing
2025-01-17 20:26:51,820 - Main - DEBUG - Camera 419122271125: Point cloud calculated for frame 000010
2025-01-17 20:26:51,820 - Main - DEBUG - Camera 419122271125: Vertices array shape: (307200,)
2025-01-17 20:26:51,851 - Main - INFO - Camera 419122271125: Saved color frame 000010
2025-01-17 20:26:51,851 - Main - INFO - Camera 419122271125: Saved depth frame 000010
2025-01-17 20:26:52,510 - Main - DEBUG - Camera 419122271125: Converted vertices shape: (307200, 3)
2025-01-17 20:26:52,512 - Main - INFO - Camera 419122271125: Successfully queued point cloud for frame 000010
2025-01-17 20:26:52,518 - Main - DEBUG - Camera 419122271125: Queued frame 000010 for processing
2025-01-17 20:26:52,527 - Main - DEBUG - Camera 419122271125: Point cloud calculated for frame 000011
2025-01-17 20:26:52,528 - Main - DEBUG - Camera 419122271125: Vertices array shape: (307200,)
2025-01-17 20:26:52,569 - Main - INFO - Camera 419122271125: Saved depth frame 000011
2025-01-17 20:26:52,569 - Main - INFO - Camera 419122271125: Saved color frame 000011
2025-01-17 20:26:53,252 - Main - DEBUG - Camera 419122271125: Converted vertices shape: (307200, 3)
2025-01-17 20:26:53,264 - Main - INFO - Camera 419122271125: Successfully queued point cloud for frame 000011
2025-01-17 20:26:53,264 - Main - DEBUG - Camera 419122271125: Queued frame 000011 for processing
2025-01-17 20:26:53,273 - Main - DEBUG - Camera 419122271125: Point cloud calculated for frame 000012
2025-01-17 20:26:53,274 - Main - DEBUG - Camera 419122271125: Vertices array shape: (307200,)
2025-01-17 20:26:53,298 - Main - INFO - Camera 419122271125: Saved depth frame 000012
2025-01-17 20:26:53,313 - Main - INFO - Camera 419122271125: Saved color frame 000012
2025-01-17 20:26:53,959 - Main - DEBUG - Camera 419122271125: Converted vertices shape: (307200, 3)
2025-01-17 20:26:53,960 - Main - INFO - Camera 419122271125: Successfully queued point cloud for frame 000012
2025-01-17 20:26:53,960 - Main - DEBUG - Camera 419122271125: Queued frame 000012 for processing
2025-01-17 20:26:53,967 - Main - DEBUG - Camera 419122271125: Point cloud calculated for frame 000013
2025-01-17 20:26:53,968 - Main - DEBUG - Camera 419122271125: Vertices array shape: (307200,)
2025-01-17 20:26:54,029 - Main - INFO - Camera 419122271125: Saved depth frame 000013
2025-01-17 20:26:54,044 - Main - INFO - Camera 419122271125: Saved color frame 000013
2025-01-17 20:26:54,639 - Main - DEBUG - Camera 419122271125: Converted vertices shape: (307200, 3)
2025-01-17 20:26:54,640 - Main - INFO - Camera 419122271125: Successfully queued point cloud for frame 000013
2025-01-17 20:26:54,640 - Main - DEBUG - Camera 419122271125: Queued frame 000013 for processing
2025-01-17 20:26:54,658 - Main - DEBUG - Camera 419122271125: Point cloud calculated for frame 000014
2025-01-17 20:26:54,659 - Main - DEBUG - Camera 419122271125: Vertices array shape: (307200,)
2025-01-17 20:26:54,682 - Main - INFO - Camera 419122271125: Saved depth frame 000014
2025-01-17 20:26:54,714 - Main - INFO - Camera 419122271125: Saved color frame 000014
2025-01-17 20:26:55,377 - Main - DEBUG - Camera 419122271125: Converted vertices shape: (307200, 3)
2025-01-17 20:26:55,377 - Main - INFO - Camera 419122271125: Successfully queued point cloud for frame 000014
2025-01-17 20:26:55,377 - Main - DEBUG - Camera 419122271125: Queued frame 000014 for processing
2025-01-17 20:26:55,385 - Main - DEBUG - Camera 419122271125: Point cloud calculated for frame 000015
2025-01-17 20:26:55,385 - Main - DEBUG - Camera 419122271125: Vertices array shape: (307200,)
2025-01-17 20:26:55,425 - Main - INFO - Camera 419122271125: Saved color frame 000015
2025-01-17 20:26:55,441 - Main - INFO - Camera 419122271125: Saved depth frame 000015
2025-01-17 20:26:56,166 - Main - DEBUG - Camera 419122271125: Converted vertices shape: (307200, 3)
2025-01-17 20:26:56,166 - Main - INFO - Camera 419122271125: Successfully queued point cloud for frame 000015
2025-01-17 20:26:56,167 - Main - DEBUG - Camera 419122271125: Queued frame 000015 for processing
2025-01-17 20:26:56,175 - Main - DEBUG - Camera 419122271125: Point cloud calculated for frame 000016
2025-01-17 20:26:56,176 - Main - DEBUG - Camera 419122271125: Vertices array shape: (307200,)
2025-01-17 20:26:56,205 - Main - INFO - Camera 419122271125: Saved depth frame 000016
2025-01-17 20:26:56,220 - Main - INFO - Camera 419122271125: Saved color frame 000016
2025-01-17 20:26:56,937 - Main - DEBUG - Camera 419122271125: Converted vertices shape: (307200, 3)
2025-01-17 20:26:56,937 - Main - INFO - Camera 419122271125: Successfully queued point cloud for frame 000016
2025-01-17 20:26:56,937 - Main - DEBUG - Camera 419122271125: Queued frame 000016 for processing
2025-01-17 20:26:56,945 - Main - DEBUG - Camera 419122271125: Point cloud calculated for frame 000017
2025-01-17 20:26:56,945 - Main - DEBUG - Camera 419122271125: Vertices array shape: (307200,)
2025-01-17 20:26:56,970 - Main - INFO - Camera 419122271125: Saved depth frame 000017
2025-01-17 20:26:57,001 - Main - INFO - Camera 419122271125: Saved color frame 000017
2025-01-17 20:26:57,693 - Main - DEBUG - Camera 419122271125: Converted vertices shape: (307200, 3)
2025-01-17 20:26:57,694 - Main - INFO - Camera 419122271125: Successfully queued point cloud for frame 000017
2025-01-17 20:26:57,694 - Main - DEBUG - Camera 419122271125: Queued frame 000017 for processing
2025-01-17 20:26:57,701 - Main - DEBUG - Camera 419122271125: Point cloud calculated for frame 000018
2025-01-17 20:26:57,701 - Main - DEBUG - Camera 419122271125: Vertices array shape: (307200,)
2025-01-17 20:26:57,719 - Main - INFO - Camera 419122271125: Saved depth frame 000018
2025-01-17 20:26:57,751 - Main - INFO - Camera 419122271125: Saved color frame 000018
2025-01-17 20:26:58,409 - Main - DEBUG - Camera 419122271125: Converted vertices shape: (307200, 3)
2025-01-17 20:26:58,411 - Main - INFO - Camera 419122271125: Successfully queued point cloud for frame 000018
2025-01-17 20:26:58,414 - Main - DEBUG - Camera 419122271125: Queued frame 000018 for processing
2025-01-17 20:26:58,432 - Main - DEBUG - Camera 419122271125: Point cloud calculated for frame 000019
2025-01-17 20:26:58,432 - Main - DEBUG - Camera 419122271125: Vertices array shape: (307200,)
2025-01-17 20:26:58,452 - Main - INFO - Camera 419122271125: Saved color frame 000019
2025-01-17 20:26:58,468 - Main - INFO - Camera 419122271125: Saved depth frame 000019
2025-01-17 20:26:59,122 - Main - DEBUG - Camera 419122271125: Converted vertices shape: (307200, 3)
2025-01-17 20:26:59,123 - Main - INFO - Camera 419122271125: Successfully queued point cloud for frame 000019
2025-01-17 20:26:59,123 - Main - DEBUG - Camera 419122271125: Queued frame 000019 for processing
2025-01-17 20:26:59,130 - Main - DEBUG - Camera 419122271125: Point cloud calculated for frame 000020
2025-01-17 20:26:59,130 - Main - DEBUG - Camera 419122271125: Vertices array shape: (307200,)
2025-01-17 20:26:59,168 - Main - INFO - Camera 419122271125: Saved depth frame 000020
2025-01-17 20:26:59,200 - Main - INFO - Camera 419122271125: Saved color frame 000020
2025-01-17 20:26:59,850 - Main - DEBUG - Camera 419122271125: Converted vertices shape: (307200, 3)
2025-01-17 20:26:59,850 - Main - INFO - Camera 419122271125: Successfully queued point cloud for frame 000020
2025-01-17 20:26:59,851 - Main - DEBUG - Camera 419122271125: Queued frame 000020 for processing
2025-01-17 20:26:59,859 - Main - DEBUG - Camera 419122271125: Point cloud calculated for frame 000021
2025-01-17 20:26:59,859 - Main - DEBUG - Camera 419122271125: Vertices array shape: (307200,)
2025-01-17 20:26:59,887 - Main - INFO - Camera 419122271125: Saved depth frame 000021
2025-01-17 20:26:59,887 - Main - INFO - Camera 419122271125: Saved color frame 000021
2025-01-17 20:27:00,621 - Main - DEBUG - Camera 419122271125: Converted vertices shape: (307200, 3)
2025-01-17 20:27:00,622 - Main - INFO - Camera 419122271125: Successfully queued point cloud for frame 000021
2025-01-17 20:27:00,622 - Main - DEBUG - Camera 419122271125: Queued frame 000021 for processing
2025-01-17 20:27:00,629 - Main - DEBUG - Camera 419122271125: Point cloud calculated for frame 000022
2025-01-17 20:27:00,629 - Main - DEBUG - Camera 419122271125: Vertices array shape: (307200,)
2025-01-17 20:27:00,665 - Main - INFO - Camera 419122271125: Saved depth frame 000022
2025-01-17 20:27:00,697 - Main - INFO - Camera 419122271125: Saved color frame 000022
2025-01-17 20:27:01,301 - Main - DEBUG - Camera 419122271125: Converted vertices shape: (307200, 3)
2025-01-17 20:27:01,302 - Main - INFO - Camera 419122271125: Successfully queued point cloud for frame 000022
2025-01-17 20:27:01,303 - Main - DEBUG - Camera 419122271125: Queued frame 000022 for processing
2025-01-17 20:27:01,326 - Main - DEBUG - Camera 419122271125: Point cloud calculated for frame 000023
2025-01-17 20:27:01,327 - Main - DEBUG - Camera 419122271125: Vertices array shape: (307200,)
2025-01-17 20:27:01,350 - Main - INFO - Camera 419122271125: Saved depth frame 000023
2025-01-17 20:27:01,366 - Main - INFO - Camera 419122271125: Saved color frame 000023
2025-01-17 20:27:02,053 - Main - DEBUG - Camera 419122271125: Converted vertices shape: (307200, 3)
2025-01-17 20:27:02,054 - Main - INFO - Camera 419122271125: Successfully queued point cloud for frame 000023
2025-01-17 20:27:02,055 - Main - DEBUG - Camera 419122271125: Queued frame 000023 for processing
2025-01-17 20:27:02,069 - Main - DEBUG - Camera 419122271125: Point cloud calculated for frame 000024
2025-01-17 20:27:02,070 - Main - DEBUG - Camera 419122271125: Vertices array shape: (307200,)
2025-01-17 20:27:02,109 - Main - INFO - Camera 419122271125: Saved color frame 000024
2025-01-17 20:27:02,141 - Main - INFO - Camera 419122271125: Saved depth frame 000024
2025-01-17 20:27:02,773 - Main - DEBUG - Camera 419122271125: Converted vertices shape: (307200, 3)
2025-01-17 20:27:02,773 - Main - INFO - Camera 419122271125: Successfully queued point cloud for frame 000024
2025-01-17 20:27:02,773 - Main - DEBUG - Camera 419122271125: Queued frame 000024 for processing
2025-01-17 20:27:02,780 - Main - DEBUG - Camera 419122271125: Point cloud calculated for frame 000025
2025-01-17 20:27:02,781 - Main - DEBUG - Camera 419122271125: Vertices array shape: (307200,)
2025-01-17 20:27:02,825 - Main - INFO - Camera 419122271125: Saved depth frame 000025
2025-01-17 20:27:02,841 - Main - INFO - Camera 419122271125: Saved color frame 000025
2025-01-17 20:27:03,532 - Main - DEBUG - Camera 419122271125: Converted vertices shape: (307200, 3)
2025-01-17 20:27:03,532 - Main - INFO - Camera 419122271125: Successfully queued point cloud for frame 000025
2025-01-17 20:27:03,534 - Main - DEBUG - Camera 419122271125: Queued frame 000025 for processing
2025-01-17 20:27:03,548 - Main - DEBUG - Camera 419122271125: Point cloud calculated for frame 000026
2025-01-17 20:27:03,548 - Main - DEBUG - Camera 419122271125: Vertices array shape: (307200,)
2025-01-17 20:27:03,605 - Main - INFO - Camera 419122271125: Saved depth frame 000026
2025-01-17 20:27:03,636 - Main - INFO - Camera 419122271125: Saved color frame 000026
2025-01-17 20:27:04,411 - Main - DEBUG - Camera 419122271125: Converted vertices shape: (307200, 3)
2025-01-17 20:27:04,411 - Main - INFO - Camera 419122271125: Successfully queued point cloud for frame 000026
2025-01-17 20:27:04,412 - Main - DEBUG - Camera 419122271125: Queued frame 000026 for processing
2025-01-17 20:27:04,420 - Main - DEBUG - Camera 419122271125: Point cloud calculated for frame 000027
2025-01-17 20:27:04,420 - Main - DEBUG - Camera 419122271125: Vertices array shape: (307200,)
2025-01-17 20:27:04,461 - Main - INFO - Camera 419122271125: Saved depth frame 000027
2025-01-17 20:27:04,476 - Main - INFO - Camera 419122271125: Saved color frame 000027
2025-01-17 20:27:05,127 - Main - DEBUG - Camera 419122271125: Converted vertices shape: (307200, 3)
2025-01-17 20:27:05,128 - Main - INFO - Camera 419122271125: Successfully queued point cloud for frame 000027
2025-01-17 20:27:05,128 - Main - DEBUG - Camera 419122271125: Queued frame 000027 for processing
2025-01-17 20:27:05,135 - Main - DEBUG - Camera 419122271125: Point cloud calculated for frame 000028
2025-01-17 20:27:05,135 - Main - DEBUG - Camera 419122271125: Vertices array shape: (307200,)
2025-01-17 20:27:05,161 - Main - INFO - Camera 419122271125: Saved color frame 000028
2025-01-17 20:27:05,177 - Main - INFO - Camera 419122271125: Saved depth frame 000028
2025-01-17 20:27:05,848 - Main - DEBUG - Camera 419122271125: Converted vertices shape: (307200, 3)
2025-01-17 20:27:05,850 - Main - INFO - Camera 419122271125: Successfully queued point cloud for frame 000028
2025-01-17 20:27:05,850 - Main - DEBUG - Camera 419122271125: Queued frame 000028 for processing
2025-01-17 20:27:05,860 - Main - DEBUG - Camera 419122271125: Point cloud calculated for frame 000029
2025-01-17 20:27:05,860 - Main - DEBUG - Camera 419122271125: Vertices array shape: (307200,)
2025-01-17 20:27:05,880 - Main - INFO - Camera 419122271125: Saved depth frame 000029
2025-01-17 20:27:05,896 - Main - INFO - Camera 419122271125: Saved color frame 000029
2025-01-17 20:27:06,566 - Main - DEBUG - Camera 419122271125: Converted vertices shape: (307200, 3)
2025-01-17 20:27:06,568 - Main - INFO - Camera 419122271125: Successfully queued point cloud for frame 000029
2025-01-17 20:27:06,569 - Main - DEBUG - Camera 419122271125: Queued frame 000029 for processing
2025-01-17 20:27:06,577 - Main - DEBUG - Camera 419122271125: Point cloud calculated for frame 000030
2025-01-17 20:27:06,577 - Main - DEBUG - Camera 419122271125: Vertices array shape: (307200,)
2025-01-17 20:27:06,646 - Main - INFO - Camera 419122271125: Saved depth frame 000030
2025-01-17 20:27:06,662 - Main - INFO - Camera 419122271125: Saved color frame 000030
2025-01-17 20:27:07,323 - Main - DEBUG - Camera 419122271125: Converted vertices shape: (307200, 3)
2025-01-17 20:27:07,323 - Main - INFO - Camera 419122271125: Successfully queued point cloud for frame 000030
2025-01-17 20:27:07,323 - Main - DEBUG - Camera 419122271125: Queued frame 000030 for processing
2025-01-17 20:27:07,331 - Main - DEBUG - Camera 419122271125: Point cloud calculated for frame 000031
2025-01-17 20:27:07,331 - Main - DEBUG - Camera 419122271125: Vertices array shape: (307200,)
2025-01-17 20:27:07,372 - Main - INFO - Camera 419122271125: Saved color frame 000031
2025-01-17 20:27:07,404 - Main - INFO - Camera 419122271125: Saved depth frame 000031
2025-01-17 20:27:08,083 - Main - DEBUG - Camera 419122271125: Converted vertices shape: (307200, 3)
2025-01-17 20:27:08,083 - Main - INFO - Camera 419122271125: Successfully queued point cloud for frame 000031
2025-01-17 20:27:08,083 - Main - DEBUG - Camera 419122271125: Queued frame 000031 for processing
2025-01-17 20:27:08,090 - Main - DEBUG - Camera 419122271125: Point cloud calculated for frame 000032
2025-01-17 20:27:08,091 - Main - DEBUG - Camera 419122271125: Vertices array shape: (307200,)
2025-01-17 20:27:08,169 - Main - INFO - Camera 419122271125: Saved color frame 000032
2025-01-17 20:27:08,217 - Main - INFO - Camera 419122271125: Saved depth frame 000032
