2025-01-17 20:22:18,560 - Main - INFO - Discovered camera: {'serial': '419122271125', 'name': 'Intel RealSense D405', 'firmware_version': '5.16.0.1', 'usb_port': '3.2'}
2025-01-17 20:22:18,922 - Main - INFO - Started worker threads for camera 419122271125
2025-01-17 20:22:18,924 - Main - INFO - Initialized camera 419122271125
2025-01-17 20:22:18,925 - Main - INFO - Starting capture...
2025-01-17 20:22:19,271 - Main - INFO - Started capture thread for camera 419122271125
2025-01-17 20:22:19,271 - Main - INFO - Started capture for camera 419122271125
2025-01-17 20:22:19,990 - Main - INFO - Camera 419122271125: Saved color frame 000000
2025-01-17 20:22:19,990 - Main - INFO - Camera 419122271125: Saved depth frame 000000
2025-01-17 20:22:20,708 - Main - DEBUG - Camera 419122271125: Queued frame 000000 for processing
2025-01-17 20:22:20,752 - Main - INFO - Camera 419122271125: Saved depth frame 000001
2025-01-17 20:22:20,768 - Main - INFO - Camera 419122271125: Saved color frame 000001
2025-01-17 20:22:21,405 - Main - DEBUG - Camera 419122271125: Queued frame 000001 for processing
2025-01-17 20:22:21,439 - Main - INFO - Camera 419122271125: Saved color frame 000002
2025-01-17 20:22:21,455 - Main - INFO - Camera 419122271125: Saved depth frame 000002
2025-01-17 20:22:22,080 - Main - DEBUG - Camera 419122271125: Queued frame 000002 for processing
2025-01-17 20:22:22,125 - Main - INFO - Camera 419122271125: Saved depth frame 000003
2025-01-17 20:22:22,141 - Main - INFO - Camera 419122271125: Saved color frame 000003
2025-01-17 20:22:22,820 - Main - DEBUG - Camera 419122271125: Queued frame 000003 for processing
2025-01-17 20:22:22,856 - Main - INFO - Camera 419122271125: Saved depth frame 000004
2025-01-17 20:22:22,888 - Main - INFO - Camera 419122271125: Saved color frame 000004
2025-01-17 20:22:23,483 - Main - DEBUG - Camera 419122271125: Queued frame 000004 for processing
2025-01-17 20:22:23,559 - Main - INFO - Camera 419122271125: Saved depth frame 000005
2025-01-17 20:22:23,559 - Main - INFO - Camera 419122271125: Saved color frame 000005
2025-01-17 20:22:24,240 - Main - DEBUG - Camera 419122271125: Queued frame 000005 for processing
2025-01-17 20:22:24,323 - Main - INFO - Camera 419122271125: Saved depth frame 000006
2025-01-17 20:22:24,323 - Main - INFO - Camera 419122271125: Saved color frame 000006
2025-01-17 20:22:25,019 - Main - DEBUG - Camera 419122271125: Queued frame 000006 for processing
2025-01-17 20:22:25,042 - Main - INFO - Camera 419122271125: Saved depth frame 000007
2025-01-17 20:22:25,058 - Main - INFO - Camera 419122271125: Saved color frame 000007
2025-01-17 20:22:25,734 - Main - DEBUG - Camera 419122271125: Queued frame 000007 for processing
2025-01-17 20:22:25,774 - Main - INFO - Camera 419122271125: Saved depth frame 000008
2025-01-17 20:22:25,790 - Main - INFO - Camera 419122271125: Saved color frame 000008
2025-01-17 20:22:26,436 - Main - DEBUG - Camera 419122271125: Queued frame 000008 for processing
2025-01-17 20:22:26,489 - Main - INFO - Camera 419122271125: Saved depth frame 000009
2025-01-17 20:22:26,505 - Main - INFO - Camera 419122271125: Saved color frame 000009
2025-01-17 20:22:27,122 - Main - DEBUG - Camera 419122271125: Queued frame 000009 for processing
2025-01-17 20:22:27,191 - Main - INFO - Camera 419122271125: Saved color frame 000010
2025-01-17 20:22:27,191 - Main - INFO - Camera 419122271125: Saved depth frame 000010
2025-01-17 20:22:27,819 - Main - DEBUG - Camera 419122271125: Queued frame 000010 for processing
2025-01-17 20:22:27,859 - Main - INFO - Camera 419122271125: Saved color frame 000011
2025-01-17 20:22:27,859 - Main - INFO - Camera 419122271125: Saved depth frame 000011
2025-01-17 20:22:28,524 - Main - DEBUG - Camera 419122271125: Queued frame 000011 for processing
2025-01-17 20:22:28,558 - Main - INFO - Camera 419122271125: Saved depth frame 000012
2025-01-17 20:22:28,558 - Main - INFO - Camera 419122271125: Saved color frame 000012
2025-01-17 20:22:29,254 - Main - DEBUG - Camera 419122271125: Queued frame 000012 for processing
2025-01-17 20:22:29,320 - Main - INFO - Camera 419122271125: Saved depth frame 000013
2025-01-17 20:22:29,336 - Main - INFO - Camera 419122271125: Saved color frame 000013
2025-01-17 20:22:30,076 - Main - DEBUG - Camera 419122271125: Queued frame 000013 for processing
2025-01-17 20:22:30,113 - Main - INFO - Camera 419122271125: Saved depth frame 000014
2025-01-17 20:22:30,145 - Main - INFO - Camera 419122271125: Saved color frame 000014
2025-01-17 20:22:30,800 - Main - DEBUG - Camera 419122271125: Queued frame 000014 for processing
2025-01-17 20:22:30,824 - Main - INFO - Camera 419122271125: Saved color frame 000015
2025-01-17 20:22:30,840 - Main - INFO - Camera 419122271125: Saved depth frame 000015
2025-01-17 20:22:31,488 - Main - DEBUG - Camera 419122271125: Queued frame 000015 for processing
2025-01-17 20:22:31,556 - Main - INFO - Camera 419122271125: Saved color frame 000016
2025-01-17 20:22:31,572 - Main - INFO - Camera 419122271125: Saved depth frame 000016
2025-01-17 20:22:32,259 - Main - DEBUG - Camera 419122271125: Queued frame 000016 for processing
2025-01-17 20:22:32,319 - Main - INFO - Camera 419122271125: Saved color frame 000017
2025-01-17 20:22:32,366 - Main - INFO - Camera 419122271125: Saved depth frame 000017
2025-01-17 20:22:32,967 - Main - DEBUG - Camera 419122271125: Queued frame 000017 for processing
2025-01-17 20:22:33,017 - Main - INFO - Camera 419122271125: Saved color frame 000018
2025-01-17 20:22:33,033 - Main - INFO - Camera 419122271125: Saved depth frame 000018
2025-01-17 20:22:33,648 - Main - DEBUG - Camera 419122271125: Queued frame 000018 for processing
2025-01-17 20:22:33,732 - Main - INFO - Camera 419122271125: Saved depth frame 000019
2025-01-17 20:22:33,779 - Main - INFO - Camera 419122271125: Saved color frame 000019
2025-01-17 20:22:34,354 - Main - DEBUG - Camera 419122271125: Queued frame 000019 for processing
2025-01-17 20:22:34,396 - Main - INFO - Camera 419122271125: Saved depth frame 000020
2025-01-17 20:22:34,444 - Main - INFO - Camera 419122271125: Saved color frame 000020
2025-01-17 20:22:35,086 - Main - DEBUG - Camera 419122271125: Queued frame 000020 for processing
2025-01-17 20:22:35,111 - Main - INFO - Camera 419122271125: Saved depth frame 000021
2025-01-17 20:22:35,143 - Main - INFO - Camera 419122271125: Saved color frame 000021
2025-01-17 20:22:35,750 - Main - DEBUG - Camera 419122271125: Queued frame 000021 for processing
2025-01-17 20:22:35,781 - Main - INFO - Camera 419122271125: Saved depth frame 000022
2025-01-17 20:22:35,829 - Main - INFO - Camera 419122271125: Saved color frame 000022
2025-01-17 20:22:36,489 - Main - DEBUG - Camera 419122271125: Queued frame 000022 for processing
2025-01-17 20:22:36,544 - Main - INFO - Camera 419122271125: Saved depth frame 000023
2025-01-17 20:22:36,560 - Main - INFO - Camera 419122271125: Saved color frame 000023
2025-01-17 20:22:37,351 - Main - DEBUG - Camera 419122271125: Queued frame 000023 for processing
2025-01-17 20:22:37,422 - Main - INFO - Camera 419122271125: Saved depth frame 000024
2025-01-17 20:22:37,422 - Main - INFO - Camera 419122271125: Saved color frame 000024
2025-01-17 20:22:38,124 - Main - DEBUG - Camera 419122271125: Queued frame 000024 for processing
2025-01-17 20:22:38,189 - Main - INFO - Camera 419122271125: Saved depth frame 000025
2025-01-17 20:22:38,205 - Main - INFO - Camera 419122271125: Saved color frame 000025
2025-01-17 20:22:38,853 - Main - DEBUG - Camera 419122271125: Queued frame 000025 for processing
2025-01-17 20:22:38,923 - Main - INFO - Camera 419122271125: Saved depth frame 000026
2025-01-17 20:22:38,923 - Main - INFO - Camera 419122271125: Saved color frame 000026
2025-01-17 20:22:39,538 - Main - DEBUG - Camera 419122271125: Queued frame 000026 for processing
2025-01-17 20:22:39,590 - Main - INFO - Camera 419122271125: Saved color frame 000027
2025-01-17 20:22:39,606 - Main - INFO - Camera 419122271125: Saved depth frame 000027
2025-01-17 20:22:40,240 - Main - DEBUG - Camera 419122271125: Queued frame 000027 for processing
2025-01-17 20:22:40,279 - Main - INFO - Camera 419122271125: Saved depth frame 000028
2025-01-17 20:22:40,292 - Main - INFO - Camera 419122271125: Saved color frame 000028
2025-01-17 20:22:40,999 - Main - DEBUG - Camera 419122271125: Queued frame 000028 for processing
2025-01-17 20:22:41,043 - Main - INFO - Camera 419122271125: Saved color frame 000029
2025-01-17 20:22:41,074 - Main - INFO - Camera 419122271125: Saved depth frame 000029
2025-01-17 20:22:41,752 - Main - DEBUG - Camera 419122271125: Queued frame 000029 for processing
2025-01-17 20:22:41,823 - Main - INFO - Camera 419122271125: Saved depth frame 000030
2025-01-17 20:22:41,839 - Main - INFO - Camera 419122271125: Saved color frame 000030
2025-01-17 20:22:42,430 - Main - DEBUG - Camera 419122271125: Queued frame 000030 for processing
2025-01-17 20:22:42,509 - Main - INFO - Camera 419122271125: Saved depth frame 000031
2025-01-17 20:22:42,557 - Main - INFO - Camera 419122271125: Saved color frame 000031
2025-01-17 20:22:43,125 - Main - DEBUG - Camera 419122271125: Queued frame 000031 for processing
2025-01-17 20:22:43,191 - Main - INFO - Camera 419122271125: Saved color frame 000032
2025-01-17 20:22:43,207 - Main - INFO - Camera 419122271125: Saved depth frame 000032
2025-01-17 20:22:43,948 - Main - DEBUG - Camera 419122271125: Queued frame 000032 for processing
2025-01-17 20:22:43,986 - Main - INFO - Camera 419122271125: Saved color frame 000033
2025-01-17 20:22:43,986 - Main - INFO - Camera 419122271125: Saved depth frame 000033
2025-01-17 20:22:44,614 - Main - DEBUG - Camera 419122271125: Queued frame 000033 for processing
2025-01-17 20:22:44,655 - Main - INFO - Camera 419122271125: Saved depth frame 000034
2025-01-17 20:22:44,703 - Main - INFO - Camera 419122271125: Saved color frame 000034
2025-01-17 20:22:45,282 - Main - DEBUG - Camera 419122271125: Queued frame 000034 for processing
2025-01-17 20:22:45,337 - Main - INFO - Camera 419122271125: Saved color frame 000035
2025-01-17 20:22:45,337 - Main - INFO - Camera 419122271125: Saved depth frame 000035
2025-01-17 20:22:45,960 - Main - DEBUG - Camera 419122271125: Queued frame 000035 for processing
2025-01-17 20:22:45,990 - Main - INFO - Camera 419122271125: Saved depth frame 000036
2025-01-17 20:22:46,006 - Main - INFO - Camera 419122271125: Saved color frame 000036
2025-01-17 20:22:46,664 - Main - DEBUG - Camera 419122271125: Queued frame 000036 for processing
2025-01-17 20:22:46,708 - Main - INFO - Camera 419122271125: Saved depth frame 000037
2025-01-17 20:22:46,723 - Main - INFO - Camera 419122271125: Saved color frame 000037
2025-01-17 20:22:47,340 - Main - DEBUG - Camera 419122271125: Queued frame 000037 for processing
2025-01-17 20:22:47,392 - Main - INFO - Camera 419122271125: Saved color frame 000038
2025-01-17 20:22:47,424 - Main - INFO - Camera 419122271125: Saved depth frame 000038
2025-01-17 20:22:48,127 - Main - DEBUG - Camera 419122271125: Queued frame 000038 for processing
2025-01-17 20:22:48,155 - Main - INFO - Camera 419122271125: Saved depth frame 000039
2025-01-17 20:22:48,187 - Main - INFO - Camera 419122271125: Saved color frame 000039
2025-01-17 20:22:48,968 - Main - DEBUG - Camera 419122271125: Queued frame 000039 for processing
2025-01-17 20:22:48,999 - Main - INFO - Camera 419122271125: Saved depth frame 000040
2025-01-17 20:22:49,015 - Main - INFO - Camera 419122271125: Saved color frame 000040
2025-01-17 20:22:49,702 - Main - DEBUG - Camera 419122271125: Queued frame 000040 for processing
2025-01-17 20:22:49,747 - Main - INFO - Camera 419122271125: Saved color frame 000041
2025-01-17 20:22:49,747 - Main - INFO - Camera 419122271125: Saved depth frame 000041
2025-01-17 20:22:50,463 - Main - DEBUG - Camera 419122271125: Queued frame 000041 for processing
2025-01-17 20:22:50,542 - Main - INFO - Camera 419122271125: Saved color frame 000042
2025-01-17 20:22:50,558 - Main - INFO - Camera 419122271125: Saved depth frame 000042
2025-01-17 20:22:51,173 - Main - DEBUG - Camera 419122271125: Queued frame 000042 for processing
2025-01-17 20:22:51,212 - Main - INFO - Camera 419122271125: Saved depth frame 000043
2025-01-17 20:22:51,228 - Main - INFO - Camera 419122271125: Saved color frame 000043
2025-01-17 20:22:51,881 - Main - DEBUG - Camera 419122271125: Queued frame 000043 for processing
2025-01-17 20:22:51,929 - Main - INFO - Camera 419122271125: Saved depth frame 000044
2025-01-17 20:22:51,945 - Main - INFO - Camera 419122271125: Saved color frame 000044
2025-01-17 20:22:52,587 - Main - DEBUG - Camera 419122271125: Queued frame 000044 for processing
2025-01-17 20:22:52,630 - Main - INFO - Camera 419122271125: Saved depth frame 000045
2025-01-17 20:22:52,630 - Main - INFO - Camera 419122271125: Saved color frame 000045
2025-01-17 20:22:53,259 - Main - DEBUG - Camera 419122271125: Queued frame 000045 for processing
2025-01-17 20:22:53,284 - Main - INFO - Camera 419122271125: Saved depth frame 000046
2025-01-17 20:22:53,332 - Main - INFO - Camera 419122271125: Saved color frame 000046
2025-01-17 20:22:54,031 - Main - DEBUG - Camera 419122271125: Queued frame 000046 for processing
2025-01-17 20:22:54,061 - Main - INFO - Camera 419122271125: Saved depth frame 000047
2025-01-17 20:22:54,077 - Main - INFO - Camera 419122271125: Saved color frame 000047
2025-01-17 20:22:54,761 - Main - DEBUG - Camera 419122271125: Queued frame 000047 for processing
2025-01-17 20:22:54,808 - Main - INFO - Camera 419122271125: Saved depth frame 000048
2025-01-17 20:22:54,840 - Main - INFO - Camera 419122271125: Saved color frame 000048
2025-01-17 20:22:55,495 - Main - DEBUG - Camera 419122271125: Queued frame 000048 for processing
2025-01-17 20:22:55,553 - Main - INFO - Camera 419122271125: Saved color frame 000049
2025-01-17 20:22:55,553 - Main - INFO - Camera 419122271125: Saved depth frame 000049
2025-01-17 20:22:56,158 - Main - DEBUG - Camera 419122271125: Queued frame 000049 for processing
2025-01-17 20:22:56,254 - Main - INFO - Camera 419122271125: Saved depth frame 000050
2025-01-17 20:22:56,300 - Main - INFO - Camera 419122271125: Saved color frame 000050
2025-01-17 20:22:56,876 - Main - DEBUG - Camera 419122271125: Queued frame 000050 for processing
2025-01-17 20:22:56,919 - Main - INFO - Camera 419122271125: Saved color frame 000051
2025-01-17 20:22:56,919 - Main - INFO - Camera 419122271125: Saved depth frame 000051
2025-01-17 20:22:57,584 - Main - DEBUG - Camera 419122271125: Queued frame 000051 for processing
2025-01-17 20:22:57,637 - Main - INFO - Camera 419122271125: Saved color frame 000052
2025-01-17 20:22:57,637 - Main - INFO - Camera 419122271125: Saved depth frame 000052
2025-01-17 20:22:58,333 - Main - DEBUG - Camera 419122271125: Queued frame 000052 for processing
2025-01-17 20:22:58,370 - Main - INFO - Camera 419122271125: Saved color frame 000053
